2021-04-01 16:35:32 Error: [Cake\Database\Exception\MissingConnectionException] Connection to Mysql could not be established: SQLSTATE[HY000] [1045] Access denied for user 'my_app'@'localhost' (using password: YES) in /var/www/html/exam_alfredo/vendor/cakephp/cakephp/src/Database/Driver.php on line 140
Exception Attributes: array (
  'driver' => 'Mysql',
  'reason' => 'SQLSTATE[HY000] [1045] Access denied for user \'my_app\'@\'localhost\' (using password: YES)',
)
Stack Trace:
- /var/www/html/exam_alfredo/vendor/cakephp/cakephp/src/Database/Driver/Mysql.php:178
- /var/www/html/exam_alfredo/vendor/cakephp/cakephp/src/Database/Schema/SchemaDialect.php:47
- /var/www/html/exam_alfredo/vendor/cakephp/cakephp/src/Database/Driver/Mysql.php:230
- /var/www/html/exam_alfredo/vendor/cakephp/cakephp/src/Database/Schema/Collection.php:53
- /var/www/html/exam_alfredo/vendor/cakephp/cakephp/src/Database/Connection.php:399
- /var/www/html/exam_alfredo/vendor/cakephp/bake/src/Utility/TableScanner.php:65
- /var/www/html/exam_alfredo/vendor/cakephp/bake/src/Command/ModelCommand.php:1060
- /var/www/html/exam_alfredo/vendor/cakephp/bake/src/Command/ModelCommand.php:191
- /var/www/html/exam_alfredo/vendor/cakephp/bake/src/Command/ModelCommand.php:122
- /var/www/html/exam_alfredo/vendor/cakephp/bake/src/Command/ModelCommand.php:98
- /var/www/html/exam_alfredo/vendor/cakephp/bake/src/Command/ModelCommand.php:81
- /var/www/html/exam_alfredo/vendor/cakephp/bake/src/Command/AllCommand.php:115
- /var/www/html/exam_alfredo/vendor/cakephp/cakephp/src/Console/BaseCommand.php:179
- /var/www/html/exam_alfredo/vendor/cakephp/cakephp/src/Console/CommandRunner.php:336
- /var/www/html/exam_alfredo/vendor/cakephp/cakephp/src/Console/CommandRunner.php:172
- /var/www/html/exam_alfredo/bin/cake.php:12

Caused by: [PDOException] SQLSTATE[HY000] [1045] Access denied for user 'my_app'@'localhost' (using password: YES) in /var/www/html/exam_alfredo/vendor/cakephp/cakephp/src/Database/Driver.php on line 132
Stack Trace:
- /var/www/html/exam_alfredo/vendor/cakephp/cakephp/src/Database/Driver.php:132
- /var/www/html/exam_alfredo/vendor/cakephp/cakephp/src/Core/Retry/CommandRetry.php:70
- /var/www/html/exam_alfredo/vendor/cakephp/cakephp/src/Database/Driver.php:138
- /var/www/html/exam_alfredo/vendor/cakephp/cakephp/src/Database/Driver/Mysql.php:178
- /var/www/html/exam_alfredo/vendor/cakephp/cakephp/src/Database/Schema/SchemaDialect.php:47
- /var/www/html/exam_alfredo/vendor/cakephp/cakephp/src/Database/Driver/Mysql.php:230
- /var/www/html/exam_alfredo/vendor/cakephp/cakephp/src/Database/Schema/Collection.php:53
- /var/www/html/exam_alfredo/vendor/cakephp/cakephp/src/Database/Connection.php:399
- /var/www/html/exam_alfredo/vendor/cakephp/bake/src/Utility/TableScanner.php:65
- /var/www/html/exam_alfredo/vendor/cakephp/bake/src/Command/ModelCommand.php:1060
- /var/www/html/exam_alfredo/vendor/cakephp/bake/src/Command/ModelCommand.php:191
- /var/www/html/exam_alfredo/vendor/cakephp/bake/src/Command/ModelCommand.php:122
- /var/www/html/exam_alfredo/vendor/cakephp/bake/src/Command/ModelCommand.php:98
- /var/www/html/exam_alfredo/vendor/cakephp/bake/src/Command/ModelCommand.php:81
- /var/www/html/exam_alfredo/vendor/cakephp/bake/src/Command/AllCommand.php:115
- /var/www/html/exam_alfredo/vendor/cakephp/cakephp/src/Console/BaseCommand.php:179
- /var/www/html/exam_alfredo/vendor/cakephp/cakephp/src/Console/CommandRunner.php:336
- /var/www/html/exam_alfredo/vendor/cakephp/cakephp/src/Console/CommandRunner.php:172
- /var/www/html/exam_alfredo/bin/cake.php:12



2021-04-01 16:37:35 Error: [Cake\Database\Exception\MissingConnectionException] Connection to Mysql could not be established: SQLSTATE[HY000] [1698] Access denied for user 'root'@'localhost' in /var/www/html/exam_alfredo/vendor/cakephp/cakephp/src/Database/Driver.php on line 140
Exception Attributes: array (
  'driver' => 'Mysql',
  'reason' => 'SQLSTATE[HY000] [1698] Access denied for user \'root\'@\'localhost\'',
)
Stack Trace:
- /var/www/html/exam_alfredo/vendor/cakephp/cakephp/src/Database/Driver/Mysql.php:178
- /var/www/html/exam_alfredo/vendor/cakephp/cakephp/src/Database/Schema/SchemaDialect.php:47
- /var/www/html/exam_alfredo/vendor/cakephp/cakephp/src/Database/Driver/Mysql.php:230
- /var/www/html/exam_alfredo/vendor/cakephp/cakephp/src/Database/Schema/Collection.php:53
- /var/www/html/exam_alfredo/vendor/cakephp/cakephp/src/Database/Connection.php:399
- /var/www/html/exam_alfredo/vendor/cakephp/bake/src/Utility/TableScanner.php:65
- /var/www/html/exam_alfredo/vendor/cakephp/bake/src/Command/ModelCommand.php:1060
- /var/www/html/exam_alfredo/vendor/cakephp/bake/src/Command/ModelCommand.php:191
- /var/www/html/exam_alfredo/vendor/cakephp/bake/src/Command/ModelCommand.php:122
- /var/www/html/exam_alfredo/vendor/cakephp/bake/src/Command/ModelCommand.php:98
- /var/www/html/exam_alfredo/vendor/cakephp/bake/src/Command/ModelCommand.php:81
- /var/www/html/exam_alfredo/vendor/cakephp/bake/src/Command/AllCommand.php:115
- /var/www/html/exam_alfredo/vendor/cakephp/cakephp/src/Console/BaseCommand.php:179
- /var/www/html/exam_alfredo/vendor/cakephp/cakephp/src/Console/CommandRunner.php:336
- /var/www/html/exam_alfredo/vendor/cakephp/cakephp/src/Console/CommandRunner.php:172
- /var/www/html/exam_alfredo/bin/cake.php:12

Caused by: [PDOException] SQLSTATE[HY000] [1698] Access denied for user 'root'@'localhost' in /var/www/html/exam_alfredo/vendor/cakephp/cakephp/src/Database/Driver.php on line 132
Stack Trace:
- /var/www/html/exam_alfredo/vendor/cakephp/cakephp/src/Database/Driver.php:132
- /var/www/html/exam_alfredo/vendor/cakephp/cakephp/src/Core/Retry/CommandRetry.php:70
- /var/www/html/exam_alfredo/vendor/cakephp/cakephp/src/Database/Driver.php:138
- /var/www/html/exam_alfredo/vendor/cakephp/cakephp/src/Database/Driver/Mysql.php:178
- /var/www/html/exam_alfredo/vendor/cakephp/cakephp/src/Database/Schema/SchemaDialect.php:47
- /var/www/html/exam_alfredo/vendor/cakephp/cakephp/src/Database/Driver/Mysql.php:230
- /var/www/html/exam_alfredo/vendor/cakephp/cakephp/src/Database/Schema/Collection.php:53
- /var/www/html/exam_alfredo/vendor/cakephp/cakephp/src/Database/Connection.php:399
- /var/www/html/exam_alfredo/vendor/cakephp/bake/src/Utility/TableScanner.php:65
- /var/www/html/exam_alfredo/vendor/cakephp/bake/src/Command/ModelCommand.php:1060
- /var/www/html/exam_alfredo/vendor/cakephp/bake/src/Command/ModelCommand.php:191
- /var/www/html/exam_alfredo/vendor/cakephp/bake/src/Command/ModelCommand.php:122
- /var/www/html/exam_alfredo/vendor/cakephp/bake/src/Command/ModelCommand.php:98
- /var/www/html/exam_alfredo/vendor/cakephp/bake/src/Command/ModelCommand.php:81
- /var/www/html/exam_alfredo/vendor/cakephp/bake/src/Command/AllCommand.php:115
- /var/www/html/exam_alfredo/vendor/cakephp/cakephp/src/Console/BaseCommand.php:179
- /var/www/html/exam_alfredo/vendor/cakephp/cakephp/src/Console/CommandRunner.php:336
- /var/www/html/exam_alfredo/vendor/cakephp/cakephp/src/Console/CommandRunner.php:172
- /var/www/html/exam_alfredo/bin/cake.php:12



