2021-04-01 16:38:48 Warning: Warning (512): SplFileInfo::openFile(/var/www/html/exam_alfredo/tmp/cache/models/myapp_cake_model_default_departamento): failed to open stream: Permission denied in [/var/www/html/exam_alfredo/vendor/cakephp/cakephp/src/Cache/Engine/FileEngine.php, line 378]
Request URL: /departamento
Trace:
Cake\Error\BaseErrorHandler::handleError() - CORE/src/Error/BaseErrorHandler.php, line 188
DebugKit\Plugin::DebugKit\{closure}() - ROOT/vendor/cakephp/debug_kit/src/Plugin.php, line 105
Cake\Cache\Engine\FileEngine::_setKey() - CORE/src/Cache/Engine/FileEngine.php, line 378
Cake\Cache\Engine\FileEngine::get() - CORE/src/Cache/Engine/FileEngine.php, line 164
DebugKit\Cache\Engine\DebugEngine::get() - ROOT/vendor/cakephp/debug_kit/src/Cache/Engine/DebugEngine.php, line 180
Cake\Database\Schema\CachedCollection::describe() - CORE/src/Database/Schema/CachedCollection.php, line 78
Cake\ORM\Table::getSchema() - CORE/src/ORM/Table.php, line 513
Cake\ORM\Query::addDefaultTypes() - CORE/src/ORM/Query.php, line 290
Cake\ORM\Query::__construct() - CORE/src/ORM/Query.php, line 184
Cake\ORM\Table::query() - CORE/src/ORM/Table.php, line 1703
Cake\ORM\Table::find() - CORE/src/ORM/Table.php, line 1264
Cake\Datasource\Paginator::getQuery() - CORE/src/Datasource/Paginator.php, line 208
Cake\Datasource\Paginator::paginate() - CORE/src/Datasource/Paginator.php, line 177
Cake\Controller\Component\PaginatorComponent::paginate() - CORE/src/Controller/Component/PaginatorComponent.php, line 201
Cake\Controller\Controller::paginate() - CORE/src/Controller/Controller.php, line 791
App\Controller\DepartamentoController::index() - APP/Controller/DepartamentoController.php, line 21
Cake\Controller\Controller::invokeAction() - CORE/src/Controller/Controller.php, line 531
Cake\Controller\ControllerFactory::invoke() - CORE/src/Controller/ControllerFactory.php, line 151
Cake\Http\BaseApplication::handle() - CORE/src/Http/BaseApplication.php, line 313
Cake\Http\Runner::handle() - CORE/src/Http/Runner.php, line 77
Cake\Http\Middleware\CsrfProtectionMiddleware::process() - CORE/src/Http/Middleware/CsrfProtectionMiddleware.php, line 169
Cake\Http\Runner::handle() - CORE/src/Http/Runner.php, line 73
Cake\Http\Middleware\BodyParserMiddleware::process() - CORE/src/Http/Middleware/BodyParserMiddleware.php, line 159
Cake\Http\Runner::handle() - CORE/src/Http/Runner.php, line 73
Cake\Routing\Middleware\RoutingMiddleware::process() - CORE/src/Routing/Middleware/RoutingMiddleware.php, line 161
Cake\Http\Runner::handle() - CORE/src/Http/Runner.php, line 73
Cake\Routing\Middleware\AssetMiddleware::process() - CORE/src/Routing/Middleware/AssetMiddleware.php, line 68
Cake\Http\Runner::handle() - CORE/src/Http/Runner.php, line 73
Cake\Error\Middleware\ErrorHandlerMiddleware::process() - CORE/src/Error/Middleware/ErrorHandlerMiddleware.php, line 126
Cake\Http\Runner::handle() - CORE/src/Http/Runner.php, line 73
DebugKit\Middleware\DebugKitMiddleware::process() - ROOT/vendor/cakephp/debug_kit/src/Middleware/DebugKitMiddleware.php, line 60
Cake\Http\Runner::handle() - CORE/src/Http/Runner.php, line 73
Cake\Http\Runner::run() - CORE/src/Http/Runner.php, line 58
Cake\Http\Server::run() - CORE/src/Http/Server.php, line 90
[main] - ROOT/webroot/index.php, line 40

2021-04-01 16:38:48 Warning: Warning (512): SplFileInfo::openFile(/var/www/html/exam_alfredo/tmp/cache/models/myapp_cake_model_default_departamento) [<a href='https://secure.php.net/splfileinfo.openfile'>splfileinfo.openfile</a>]: failed to open stream: Permission denied in [/var/www/html/exam_alfredo/vendor/cakephp/cakephp/src/Cache/Engine/FileEngine.php, line 378]
Request URL: /departamento
Trace:
Cake\Error\BaseErrorHandler::handleError() - CORE/src/Error/BaseErrorHandler.php, line 188
DebugKit\Plugin::DebugKit\{closure}() - ROOT/vendor/cakephp/debug_kit/src/Plugin.php, line 105
Cake\Cache\Engine\FileEngine::_setKey() - CORE/src/Cache/Engine/FileEngine.php, line 378
Cake\Cache\Engine\FileEngine::set() - CORE/src/Cache/Engine/FileEngine.php, line 122
DebugKit\Cache\Engine\DebugEngine::set() - ROOT/vendor/cakephp/debug_kit/src/Cache/Engine/DebugEngine.php, line 150
Cake\Database\Schema\CachedCollection::describe() - CORE/src/Database/Schema/CachedCollection.php, line 85
Cake\ORM\Table::getSchema() - CORE/src/ORM/Table.php, line 513
Cake\ORM\Query::addDefaultTypes() - CORE/src/ORM/Query.php, line 290
Cake\ORM\Query::__construct() - CORE/src/ORM/Query.php, line 184
Cake\ORM\Table::query() - CORE/src/ORM/Table.php, line 1703
Cake\ORM\Table::find() - CORE/src/ORM/Table.php, line 1264
Cake\Datasource\Paginator::getQuery() - CORE/src/Datasource/Paginator.php, line 208
Cake\Datasource\Paginator::paginate() - CORE/src/Datasource/Paginator.php, line 177
Cake\Controller\Component\PaginatorComponent::paginate() - CORE/src/Controller/Component/PaginatorComponent.php, line 201
Cake\Controller\Controller::paginate() - CORE/src/Controller/Controller.php, line 791
App\Controller\DepartamentoController::index() - APP/Controller/DepartamentoController.php, line 21
Cake\Controller\Controller::invokeAction() - CORE/src/Controller/Controller.php, line 531
Cake\Controller\ControllerFactory::invoke() - CORE/src/Controller/ControllerFactory.php, line 151
Cake\Http\BaseApplication::handle() - CORE/src/Http/BaseApplication.php, line 313
Cake\Http\Runner::handle() - CORE/src/Http/Runner.php, line 77
Cake\Http\Middleware\CsrfProtectionMiddleware::process() - CORE/src/Http/Middleware/CsrfProtectionMiddleware.php, line 169
Cake\Http\Runner::handle() - CORE/src/Http/Runner.php, line 73
Cake\Http\Middleware\BodyParserMiddleware::process() - CORE/src/Http/Middleware/BodyParserMiddleware.php, line 159
Cake\Http\Runner::handle() - CORE/src/Http/Runner.php, line 73
Cake\Routing\Middleware\RoutingMiddleware::process() - CORE/src/Routing/Middleware/RoutingMiddleware.php, line 161
Cake\Http\Runner::handle() - CORE/src/Http/Runner.php, line 73
Cake\Routing\Middleware\AssetMiddleware::process() - CORE/src/Routing/Middleware/AssetMiddleware.php, line 68
Cake\Http\Runner::handle() - CORE/src/Http/Runner.php, line 73
Cake\Error\Middleware\ErrorHandlerMiddleware::process() - CORE/src/Error/Middleware/ErrorHandlerMiddleware.php, line 126
Cake\Http\Runner::handle() - CORE/src/Http/Runner.php, line 73
DebugKit\Middleware\DebugKitMiddleware::process() - ROOT/vendor/cakephp/debug_kit/src/Middleware/DebugKitMiddleware.php, line 60
Cake\Http\Runner::handle() - CORE/src/Http/Runner.php, line 73
Cake\Http\Runner::run() - CORE/src/Http/Runner.php, line 58
Cake\Http\Server::run() - CORE/src/Http/Server.php, line 90
[main] - ROOT/webroot/index.php, line 40

2021-04-01 16:38:48 Warning: Warning (512): Unable to emit headers. Headers sent in file=/var/www/html/exam_alfredo/vendor/cakephp/cakephp/src/Error/Debugger.php line=970 in [/var/www/html/exam_alfredo/vendor/cakephp/cakephp/src/Http/ResponseEmitter.php, line 71]
Request URL: /departamento
Trace:
Cake\Error\BaseErrorHandler::handleError() - CORE/src/Error/BaseErrorHandler.php, line 188
DebugKit\Plugin::DebugKit\{closure}() - ROOT/vendor/cakephp/debug_kit/src/Plugin.php, line 105
Cake\Http\ResponseEmitter::emit() - CORE/src/Http/ResponseEmitter.php, line 71
Cake\Http\Server::emit() - CORE/src/Http/Server.php, line 128
[main] - ROOT/webroot/index.php, line 40

2021-04-01 16:38:48 Warning: Warning (2): Cannot modify header information - headers already sent by (output started at /var/www/html/exam_alfredo/vendor/cakephp/cakephp/src/Error/Debugger.php:970) in [/var/www/html/exam_alfredo/vendor/cakephp/cakephp/src/Http/ResponseEmitter.php, line 168]
Request URL: /departamento
Trace:
Cake\Error\BaseErrorHandler::handleError() - CORE/src/Error/BaseErrorHandler.php, line 188
DebugKit\Plugin::DebugKit\{closure}() - ROOT/vendor/cakephp/debug_kit/src/Plugin.php, line 105
header - [internal], line ??
Cake\Http\ResponseEmitter::emitStatusLine() - CORE/src/Http/ResponseEmitter.php, line 168
Cake\Http\ResponseEmitter::emit() - CORE/src/Http/ResponseEmitter.php, line 74
Cake\Http\Server::emit() - CORE/src/Http/Server.php, line 128
[main] - ROOT/webroot/index.php, line 40

2021-04-01 16:38:48 Warning: Warning (2): Cannot modify header information - headers already sent by (output started at /var/www/html/exam_alfredo/vendor/cakephp/cakephp/src/Error/Debugger.php:970) in [/var/www/html/exam_alfredo/vendor/cakephp/cakephp/src/Http/ResponseEmitter.php, line 197]
Request URL: /departamento
Trace:
Cake\Error\BaseErrorHandler::handleError() - CORE/src/Error/BaseErrorHandler.php, line 188
DebugKit\Plugin::DebugKit\{closure}() - ROOT/vendor/cakephp/debug_kit/src/Plugin.php, line 105
header - [internal], line ??
Cake\Http\ResponseEmitter::emitHeaders() - CORE/src/Http/ResponseEmitter.php, line 197
Cake\Http\ResponseEmitter::emit() - CORE/src/Http/ResponseEmitter.php, line 75
Cake\Http\Server::emit() - CORE/src/Http/Server.php, line 128
[main] - ROOT/webroot/index.php, line 40

2021-04-01 16:38:48 Warning: Warning (2): Cannot modify header information - headers already sent by (output started at /var/www/html/exam_alfredo/vendor/cakephp/cakephp/src/Error/Debugger.php:970) in [/var/www/html/exam_alfredo/vendor/cakephp/cakephp/src/Http/ResponseEmitter.php, line 197]
Request URL: /departamento
Trace:
Cake\Error\BaseErrorHandler::handleError() - CORE/src/Error/BaseErrorHandler.php, line 188
DebugKit\Plugin::DebugKit\{closure}() - ROOT/vendor/cakephp/debug_kit/src/Plugin.php, line 105
header - [internal], line ??
Cake\Http\ResponseEmitter::emitHeaders() - CORE/src/Http/ResponseEmitter.php, line 197
Cake\Http\ResponseEmitter::emit() - CORE/src/Http/ResponseEmitter.php, line 75
Cake\Http\Server::emit() - CORE/src/Http/Server.php, line 128
[main] - ROOT/webroot/index.php, line 40

2021-04-01 16:38:50 Warning: Warning (512): SplFileInfo::openFile(/var/www/html/exam_alfredo/tmp/cache/models/myapp_cake_model_default_departamento): failed to open stream: Permission denied in [/var/www/html/exam_alfredo/vendor/cakephp/cakephp/src/Cache/Engine/FileEngine.php, line 378]
Request URL: /departamento/add
Referer URL: http://localhost/exam_alfredo/departamento
Trace:
Cake\Error\BaseErrorHandler::handleError() - CORE/src/Error/BaseErrorHandler.php, line 188
DebugKit\Plugin::DebugKit\{closure}() - ROOT/vendor/cakephp/debug_kit/src/Plugin.php, line 105
Cake\Cache\Engine\FileEngine::_setKey() - CORE/src/Cache/Engine/FileEngine.php, line 378
Cake\Cache\Engine\FileEngine::get() - CORE/src/Cache/Engine/FileEngine.php, line 164
DebugKit\Cache\Engine\DebugEngine::get() - ROOT/vendor/cakephp/debug_kit/src/Cache/Engine/DebugEngine.php, line 180
Cake\Database\Schema\CachedCollection::describe() - CORE/src/Database/Schema/CachedCollection.php, line 78
Cake\ORM\Table::getSchema() - CORE/src/ORM/Table.php, line 513
Cake\View\Form\EntityContext::type() - CORE/src/View/Form/EntityContext.php, line 697
Cake\View\Helper\FormHelper::_inputType() - CORE/src/View/Helper/FormHelper.php, line 1241
Cake\View\Helper\FormHelper::_parseOptions() - CORE/src/View/Helper/FormHelper.php, line 1211
Cake\View\Helper\FormHelper::control() - CORE/src/View/Helper/FormHelper.php, line 1049
include - ROOT/templates/Departamento/add.php, line 20
Cake\View\View::_evaluate() - CORE/src/View/View.php, line 1176
Cake\View\View::_render() - CORE/src/View/View.php, line 1134
Cake\View\View::render() - CORE/src/View/View.php, line 764
Cake\Controller\Controller::render() - CORE/src/Controller/Controller.php, line 699
Cake\Controller\Controller::invokeAction() - CORE/src/Controller/Controller.php, line 540
Cake\Controller\ControllerFactory::invoke() - CORE/src/Controller/ControllerFactory.php, line 151
Cake\Http\BaseApplication::handle() - CORE/src/Http/BaseApplication.php, line 313
Cake\Http\Runner::handle() - CORE/src/Http/Runner.php, line 77
Cake\Http\Middleware\CsrfProtectionMiddleware::process() - CORE/src/Http/Middleware/CsrfProtectionMiddleware.php, line 169
Cake\Http\Runner::handle() - CORE/src/Http/Runner.php, line 73
Cake\Http\Middleware\BodyParserMiddleware::process() - CORE/src/Http/Middleware/BodyParserMiddleware.php, line 159
Cake\Http\Runner::handle() - CORE/src/Http/Runner.php, line 73
Cake\Routing\Middleware\RoutingMiddleware::process() - CORE/src/Routing/Middleware/RoutingMiddleware.php, line 161
Cake\Http\Runner::handle() - CORE/src/Http/Runner.php, line 73
Cake\Routing\Middleware\AssetMiddleware::process() - CORE/src/Routing/Middleware/AssetMiddleware.php, line 68
Cake\Http\Runner::handle() - CORE/src/Http/Runner.php, line 73
Cake\Error\Middleware\ErrorHandlerMiddleware::process() - CORE/src/Error/Middleware/ErrorHandlerMiddleware.php, line 126
Cake\Http\Runner::handle() - CORE/src/Http/Runner.php, line 73
DebugKit\Middleware\DebugKitMiddleware::process() - ROOT/vendor/cakephp/debug_kit/src/Middleware/DebugKitMiddleware.php, line 60
Cake\Http\Runner::handle() - CORE/src/Http/Runner.php, line 73
Cake\Http\Runner::run() - CORE/src/Http/Runner.php, line 58
Cake\Http\Server::run() - CORE/src/Http/Server.php, line 90
[main] - ROOT/webroot/index.php, line 40

2021-04-01 16:38:50 Warning: Warning (512): SplFileInfo::openFile(/var/www/html/exam_alfredo/tmp/cache/models/myapp_cake_model_default_departamento) [<a href='https://secure.php.net/splfileinfo.openfile'>splfileinfo.openfile</a>]: failed to open stream: Permission denied in [/var/www/html/exam_alfredo/vendor/cakephp/cakephp/src/Cache/Engine/FileEngine.php, line 378]
Request URL: /departamento/add
Referer URL: http://localhost/exam_alfredo/departamento
Trace:
Cake\Error\BaseErrorHandler::handleError() - CORE/src/Error/BaseErrorHandler.php, line 188
DebugKit\Plugin::DebugKit\{closure}() - ROOT/vendor/cakephp/debug_kit/src/Plugin.php, line 105
Cake\Cache\Engine\FileEngine::_setKey() - CORE/src/Cache/Engine/FileEngine.php, line 378
Cake\Cache\Engine\FileEngine::set() - CORE/src/Cache/Engine/FileEngine.php, line 122
DebugKit\Cache\Engine\DebugEngine::set() - ROOT/vendor/cakephp/debug_kit/src/Cache/Engine/DebugEngine.php, line 150
Cake\Database\Schema\CachedCollection::describe() - CORE/src/Database/Schema/CachedCollection.php, line 85
Cake\ORM\Table::getSchema() - CORE/src/ORM/Table.php, line 513
Cake\View\Form\EntityContext::type() - CORE/src/View/Form/EntityContext.php, line 697
Cake\View\Helper\FormHelper::_inputType() - CORE/src/View/Helper/FormHelper.php, line 1241
Cake\View\Helper\FormHelper::_parseOptions() - CORE/src/View/Helper/FormHelper.php, line 1211
Cake\View\Helper\FormHelper::control() - CORE/src/View/Helper/FormHelper.php, line 1049
include - ROOT/templates/Departamento/add.php, line 20
Cake\View\View::_evaluate() - CORE/src/View/View.php, line 1176
Cake\View\View::_render() - CORE/src/View/View.php, line 1134
Cake\View\View::render() - CORE/src/View/View.php, line 764
Cake\Controller\Controller::render() - CORE/src/Controller/Controller.php, line 699
Cake\Controller\Controller::invokeAction() - CORE/src/Controller/Controller.php, line 540
Cake\Controller\ControllerFactory::invoke() - CORE/src/Controller/ControllerFactory.php, line 151
Cake\Http\BaseApplication::handle() - CORE/src/Http/BaseApplication.php, line 313
Cake\Http\Runner::handle() - CORE/src/Http/Runner.php, line 77
Cake\Http\Middleware\CsrfProtectionMiddleware::process() - CORE/src/Http/Middleware/CsrfProtectionMiddleware.php, line 169
Cake\Http\Runner::handle() - CORE/src/Http/Runner.php, line 73
Cake\Http\Middleware\BodyParserMiddleware::process() - CORE/src/Http/Middleware/BodyParserMiddleware.php, line 159
Cake\Http\Runner::handle() - CORE/src/Http/Runner.php, line 73
Cake\Routing\Middleware\RoutingMiddleware::process() - CORE/src/Routing/Middleware/RoutingMiddleware.php, line 161
Cake\Http\Runner::handle() - CORE/src/Http/Runner.php, line 73
Cake\Routing\Middleware\AssetMiddleware::process() - CORE/src/Routing/Middleware/AssetMiddleware.php, line 68
Cake\Http\Runner::handle() - CORE/src/Http/Runner.php, line 73
Cake\Error\Middleware\ErrorHandlerMiddleware::process() - CORE/src/Error/Middleware/ErrorHandlerMiddleware.php, line 126
Cake\Http\Runner::handle() - CORE/src/Http/Runner.php, line 73
DebugKit\Middleware\DebugKitMiddleware::process() - ROOT/vendor/cakephp/debug_kit/src/Middleware/DebugKitMiddleware.php, line 60
Cake\Http\Runner::handle() - CORE/src/Http/Runner.php, line 73
Cake\Http\Runner::run() - CORE/src/Http/Runner.php, line 58
Cake\Http\Server::run() - CORE/src/Http/Server.php, line 90
[main] - ROOT/webroot/index.php, line 40

2021-04-01 16:38:53 Error: [Cake\Http\Exception\InvalidCsrfTokenException] Missing or invalid CSRF cookie. in /var/www/html/exam_alfredo/vendor/cakephp/cakephp/src/Http/Middleware/CsrfProtectionMiddleware.php on line 385
Stack Trace:
- /var/www/html/exam_alfredo/vendor/cakephp/cakephp/src/Http/Middleware/CsrfProtectionMiddleware.php:165
- /var/www/html/exam_alfredo/vendor/cakephp/cakephp/src/Http/Runner.php:73
- /var/www/html/exam_alfredo/vendor/cakephp/cakephp/src/Http/Middleware/BodyParserMiddleware.php:164
- /var/www/html/exam_alfredo/vendor/cakephp/cakephp/src/Http/Runner.php:73
- /var/www/html/exam_alfredo/vendor/cakephp/cakephp/src/Routing/Middleware/RoutingMiddleware.php:161
- /var/www/html/exam_alfredo/vendor/cakephp/cakephp/src/Http/Runner.php:73
- /var/www/html/exam_alfredo/vendor/cakephp/cakephp/src/Routing/Middleware/AssetMiddleware.php:68
- /var/www/html/exam_alfredo/vendor/cakephp/cakephp/src/Http/Runner.php:73
- /var/www/html/exam_alfredo/vendor/cakephp/cakephp/src/Error/Middleware/ErrorHandlerMiddleware.php:126
- /var/www/html/exam_alfredo/vendor/cakephp/cakephp/src/Http/Runner.php:73
- /var/www/html/exam_alfredo/vendor/cakephp/debug_kit/src/Middleware/DebugKitMiddleware.php:60
- /var/www/html/exam_alfredo/vendor/cakephp/cakephp/src/Http/Runner.php:73
- /var/www/html/exam_alfredo/vendor/cakephp/cakephp/src/Http/Runner.php:58
- /var/www/html/exam_alfredo/vendor/cakephp/cakephp/src/Http/Server.php:90
- /var/www/html/exam_alfredo/webroot/index.php:40

Request URL: /departamento/add
Referer URL: http://localhost/exam_alfredo/departamento/add


2021-04-01 16:40:39 Warning: Warning (512): SplFileInfo::openFile(/var/www/html/exam_alfredo/tmp/cache/models/myapp_cake_model_default_departamento): failed to open stream: Permission denied in [/var/www/html/exam_alfredo/vendor/cakephp/cakephp/src/Cache/Engine/FileEngine.php, line 378]
Request URL: /departamento
Trace:
Cake\Error\BaseErrorHandler::handleError() - CORE/src/Error/BaseErrorHandler.php, line 188
DebugKit\Plugin::DebugKit\{closure}() - ROOT/vendor/cakephp/debug_kit/src/Plugin.php, line 105
Cake\Cache\Engine\FileEngine::_setKey() - CORE/src/Cache/Engine/FileEngine.php, line 378
Cake\Cache\Engine\FileEngine::get() - CORE/src/Cache/Engine/FileEngine.php, line 164
DebugKit\Cache\Engine\DebugEngine::get() - ROOT/vendor/cakephp/debug_kit/src/Cache/Engine/DebugEngine.php, line 180
Cake\Database\Schema\CachedCollection::describe() - CORE/src/Database/Schema/CachedCollection.php, line 78
Cake\ORM\Table::getSchema() - CORE/src/ORM/Table.php, line 513
Cake\ORM\Query::addDefaultTypes() - CORE/src/ORM/Query.php, line 290
Cake\ORM\Query::__construct() - CORE/src/ORM/Query.php, line 184
Cake\ORM\Table::query() - CORE/src/ORM/Table.php, line 1703
Cake\ORM\Table::find() - CORE/src/ORM/Table.php, line 1264
Cake\Datasource\Paginator::getQuery() - CORE/src/Datasource/Paginator.php, line 208
Cake\Datasource\Paginator::paginate() - CORE/src/Datasource/Paginator.php, line 177
Cake\Controller\Component\PaginatorComponent::paginate() - CORE/src/Controller/Component/PaginatorComponent.php, line 201
Cake\Controller\Controller::paginate() - CORE/src/Controller/Controller.php, line 791
App\Controller\DepartamentoController::index() - APP/Controller/DepartamentoController.php, line 21
Cake\Controller\Controller::invokeAction() - CORE/src/Controller/Controller.php, line 531
Cake\Controller\ControllerFactory::invoke() - CORE/src/Controller/ControllerFactory.php, line 151
Cake\Http\BaseApplication::handle() - CORE/src/Http/BaseApplication.php, line 313
Cake\Http\Runner::handle() - CORE/src/Http/Runner.php, line 77
Cake\Http\Middleware\CsrfProtectionMiddleware::process() - CORE/src/Http/Middleware/CsrfProtectionMiddleware.php, line 169
Cake\Http\Runner::handle() - CORE/src/Http/Runner.php, line 73
Cake\Http\Middleware\BodyParserMiddleware::process() - CORE/src/Http/Middleware/BodyParserMiddleware.php, line 159
Cake\Http\Runner::handle() - CORE/src/Http/Runner.php, line 73
Cake\Routing\Middleware\RoutingMiddleware::process() - CORE/src/Routing/Middleware/RoutingMiddleware.php, line 161
Cake\Http\Runner::handle() - CORE/src/Http/Runner.php, line 73
Cake\Routing\Middleware\AssetMiddleware::process() - CORE/src/Routing/Middleware/AssetMiddleware.php, line 68
Cake\Http\Runner::handle() - CORE/src/Http/Runner.php, line 73
Cake\Error\Middleware\ErrorHandlerMiddleware::process() - CORE/src/Error/Middleware/ErrorHandlerMiddleware.php, line 126
Cake\Http\Runner::handle() - CORE/src/Http/Runner.php, line 73
DebugKit\Middleware\DebugKitMiddleware::process() - ROOT/vendor/cakephp/debug_kit/src/Middleware/DebugKitMiddleware.php, line 60
Cake\Http\Runner::handle() - CORE/src/Http/Runner.php, line 73
Cake\Http\Runner::run() - CORE/src/Http/Runner.php, line 58
Cake\Http\Server::run() - CORE/src/Http/Server.php, line 90
[main] - ROOT/webroot/index.php, line 40

2021-04-01 16:40:39 Warning: Warning (512): SplFileInfo::openFile(/var/www/html/exam_alfredo/tmp/cache/models/myapp_cake_model_default_departamento) [<a href='https://secure.php.net/splfileinfo.openfile'>splfileinfo.openfile</a>]: failed to open stream: Permission denied in [/var/www/html/exam_alfredo/vendor/cakephp/cakephp/src/Cache/Engine/FileEngine.php, line 378]
Request URL: /departamento
Trace:
Cake\Error\BaseErrorHandler::handleError() - CORE/src/Error/BaseErrorHandler.php, line 188
DebugKit\Plugin::DebugKit\{closure}() - ROOT/vendor/cakephp/debug_kit/src/Plugin.php, line 105
Cake\Cache\Engine\FileEngine::_setKey() - CORE/src/Cache/Engine/FileEngine.php, line 378
Cake\Cache\Engine\FileEngine::set() - CORE/src/Cache/Engine/FileEngine.php, line 122
DebugKit\Cache\Engine\DebugEngine::set() - ROOT/vendor/cakephp/debug_kit/src/Cache/Engine/DebugEngine.php, line 150
Cake\Database\Schema\CachedCollection::describe() - CORE/src/Database/Schema/CachedCollection.php, line 85
Cake\ORM\Table::getSchema() - CORE/src/ORM/Table.php, line 513
Cake\ORM\Query::addDefaultTypes() - CORE/src/ORM/Query.php, line 290
Cake\ORM\Query::__construct() - CORE/src/ORM/Query.php, line 184
Cake\ORM\Table::query() - CORE/src/ORM/Table.php, line 1703
Cake\ORM\Table::find() - CORE/src/ORM/Table.php, line 1264
Cake\Datasource\Paginator::getQuery() - CORE/src/Datasource/Paginator.php, line 208
Cake\Datasource\Paginator::paginate() - CORE/src/Datasource/Paginator.php, line 177
Cake\Controller\Component\PaginatorComponent::paginate() - CORE/src/Controller/Component/PaginatorComponent.php, line 201
Cake\Controller\Controller::paginate() - CORE/src/Controller/Controller.php, line 791
App\Controller\DepartamentoController::index() - APP/Controller/DepartamentoController.php, line 21
Cake\Controller\Controller::invokeAction() - CORE/src/Controller/Controller.php, line 531
Cake\Controller\ControllerFactory::invoke() - CORE/src/Controller/ControllerFactory.php, line 151
Cake\Http\BaseApplication::handle() - CORE/src/Http/BaseApplication.php, line 313
Cake\Http\Runner::handle() - CORE/src/Http/Runner.php, line 77
Cake\Http\Middleware\CsrfProtectionMiddleware::process() - CORE/src/Http/Middleware/CsrfProtectionMiddleware.php, line 169
Cake\Http\Runner::handle() - CORE/src/Http/Runner.php, line 73
Cake\Http\Middleware\BodyParserMiddleware::process() - CORE/src/Http/Middleware/BodyParserMiddleware.php, line 159
Cake\Http\Runner::handle() - CORE/src/Http/Runner.php, line 73
Cake\Routing\Middleware\RoutingMiddleware::process() - CORE/src/Routing/Middleware/RoutingMiddleware.php, line 161
Cake\Http\Runner::handle() - CORE/src/Http/Runner.php, line 73
Cake\Routing\Middleware\AssetMiddleware::process() - CORE/src/Routing/Middleware/AssetMiddleware.php, line 68
Cake\Http\Runner::handle() - CORE/src/Http/Runner.php, line 73
Cake\Error\Middleware\ErrorHandlerMiddleware::process() - CORE/src/Error/Middleware/ErrorHandlerMiddleware.php, line 126
Cake\Http\Runner::handle() - CORE/src/Http/Runner.php, line 73
DebugKit\Middleware\DebugKitMiddleware::process() - ROOT/vendor/cakephp/debug_kit/src/Middleware/DebugKitMiddleware.php, line 60
Cake\Http\Runner::handle() - CORE/src/Http/Runner.php, line 73
Cake\Http\Runner::run() - CORE/src/Http/Runner.php, line 58
Cake\Http\Server::run() - CORE/src/Http/Server.php, line 90
[main] - ROOT/webroot/index.php, line 40

2021-04-01 16:40:39 Warning: Warning (512): Unable to emit headers. Headers sent in file=/var/www/html/exam_alfredo/vendor/cakephp/cakephp/src/Error/Debugger.php line=970 in [/var/www/html/exam_alfredo/vendor/cakephp/cakephp/src/Http/ResponseEmitter.php, line 71]
Request URL: /departamento
Trace:
Cake\Error\BaseErrorHandler::handleError() - CORE/src/Error/BaseErrorHandler.php, line 188
DebugKit\Plugin::DebugKit\{closure}() - ROOT/vendor/cakephp/debug_kit/src/Plugin.php, line 105
Cake\Http\ResponseEmitter::emit() - CORE/src/Http/ResponseEmitter.php, line 71
Cake\Http\Server::emit() - CORE/src/Http/Server.php, line 128
[main] - ROOT/webroot/index.php, line 40

2021-04-01 16:40:39 Warning: Warning (2): Cannot modify header information - headers already sent by (output started at /var/www/html/exam_alfredo/vendor/cakephp/cakephp/src/Error/Debugger.php:970) in [/var/www/html/exam_alfredo/vendor/cakephp/cakephp/src/Http/ResponseEmitter.php, line 168]
Request URL: /departamento
Trace:
Cake\Error\BaseErrorHandler::handleError() - CORE/src/Error/BaseErrorHandler.php, line 188
DebugKit\Plugin::DebugKit\{closure}() - ROOT/vendor/cakephp/debug_kit/src/Plugin.php, line 105
header - [internal], line ??
Cake\Http\ResponseEmitter::emitStatusLine() - CORE/src/Http/ResponseEmitter.php, line 168
Cake\Http\ResponseEmitter::emit() - CORE/src/Http/ResponseEmitter.php, line 74
Cake\Http\Server::emit() - CORE/src/Http/Server.php, line 128
[main] - ROOT/webroot/index.php, line 40

2021-04-01 16:40:39 Warning: Warning (2): Cannot modify header information - headers already sent by (output started at /var/www/html/exam_alfredo/vendor/cakephp/cakephp/src/Error/Debugger.php:970) in [/var/www/html/exam_alfredo/vendor/cakephp/cakephp/src/Http/ResponseEmitter.php, line 197]
Request URL: /departamento
Trace:
Cake\Error\BaseErrorHandler::handleError() - CORE/src/Error/BaseErrorHandler.php, line 188
DebugKit\Plugin::DebugKit\{closure}() - ROOT/vendor/cakephp/debug_kit/src/Plugin.php, line 105
header - [internal], line ??
Cake\Http\ResponseEmitter::emitHeaders() - CORE/src/Http/ResponseEmitter.php, line 197
Cake\Http\ResponseEmitter::emit() - CORE/src/Http/ResponseEmitter.php, line 75
Cake\Http\Server::emit() - CORE/src/Http/Server.php, line 128
[main] - ROOT/webroot/index.php, line 40

2021-04-01 16:40:39 Warning: Warning (2): Cannot modify header information - headers already sent by (output started at /var/www/html/exam_alfredo/vendor/cakephp/cakephp/src/Error/Debugger.php:970) in [/var/www/html/exam_alfredo/vendor/cakephp/cakephp/src/Http/ResponseEmitter.php, line 197]
Request URL: /departamento
Trace:
Cake\Error\BaseErrorHandler::handleError() - CORE/src/Error/BaseErrorHandler.php, line 188
DebugKit\Plugin::DebugKit\{closure}() - ROOT/vendor/cakephp/debug_kit/src/Plugin.php, line 105
header - [internal], line ??
Cake\Http\ResponseEmitter::emitHeaders() - CORE/src/Http/ResponseEmitter.php, line 197
Cake\Http\ResponseEmitter::emit() - CORE/src/Http/ResponseEmitter.php, line 75
Cake\Http\Server::emit() - CORE/src/Http/Server.php, line 128
[main] - ROOT/webroot/index.php, line 40

2021-04-01 16:42:40 Warning: Warning (512): SplFileInfo::openFile(/var/www/html/exam_alfredo/tmp/cache/models/myapp_cake_model_default_departamento): failed to open stream: Permission denied in [/var/www/html/exam_alfredo/vendor/cakephp/cakephp/src/Cache/Engine/FileEngine.php, line 378]
Request URL: /departamento/add
Referer URL: http://localhost/exam_alfredo/departamento
Trace:
Cake\Error\BaseErrorHandler::handleError() - CORE/src/Error/BaseErrorHandler.php, line 188
DebugKit\Plugin::DebugKit\{closure}() - ROOT/vendor/cakephp/debug_kit/src/Plugin.php, line 105
Cake\Cache\Engine\FileEngine::_setKey() - CORE/src/Cache/Engine/FileEngine.php, line 378
Cake\Cache\Engine\FileEngine::get() - CORE/src/Cache/Engine/FileEngine.php, line 164
DebugKit\Cache\Engine\DebugEngine::get() - ROOT/vendor/cakephp/debug_kit/src/Cache/Engine/DebugEngine.php, line 180
Cake\Database\Schema\CachedCollection::describe() - CORE/src/Database/Schema/CachedCollection.php, line 78
Cake\ORM\Table::getSchema() - CORE/src/ORM/Table.php, line 513
Cake\View\Form\EntityContext::type() - CORE/src/View/Form/EntityContext.php, line 697
Cake\View\Helper\FormHelper::_inputType() - CORE/src/View/Helper/FormHelper.php, line 1241
Cake\View\Helper\FormHelper::_parseOptions() - CORE/src/View/Helper/FormHelper.php, line 1211
Cake\View\Helper\FormHelper::control() - CORE/src/View/Helper/FormHelper.php, line 1049
include - ROOT/templates/Departamento/add.php, line 20
Cake\View\View::_evaluate() - CORE/src/View/View.php, line 1176
Cake\View\View::_render() - CORE/src/View/View.php, line 1134
Cake\View\View::render() - CORE/src/View/View.php, line 764
Cake\Controller\Controller::render() - CORE/src/Controller/Controller.php, line 699
Cake\Controller\Controller::invokeAction() - CORE/src/Controller/Controller.php, line 540
Cake\Controller\ControllerFactory::invoke() - CORE/src/Controller/ControllerFactory.php, line 151
Cake\Http\BaseApplication::handle() - CORE/src/Http/BaseApplication.php, line 313
Cake\Http\Runner::handle() - CORE/src/Http/Runner.php, line 77
Cake\Http\Middleware\CsrfProtectionMiddleware::process() - CORE/src/Http/Middleware/CsrfProtectionMiddleware.php, line 169
Cake\Http\Runner::handle() - CORE/src/Http/Runner.php, line 73
Cake\Http\Middleware\BodyParserMiddleware::process() - CORE/src/Http/Middleware/BodyParserMiddleware.php, line 159
Cake\Http\Runner::handle() - CORE/src/Http/Runner.php, line 73
Cake\Routing\Middleware\RoutingMiddleware::process() - CORE/src/Routing/Middleware/RoutingMiddleware.php, line 161
Cake\Http\Runner::handle() - CORE/src/Http/Runner.php, line 73
Cake\Routing\Middleware\AssetMiddleware::process() - CORE/src/Routing/Middleware/AssetMiddleware.php, line 68
Cake\Http\Runner::handle() - CORE/src/Http/Runner.php, line 73
Cake\Error\Middleware\ErrorHandlerMiddleware::process() - CORE/src/Error/Middleware/ErrorHandlerMiddleware.php, line 126
Cake\Http\Runner::handle() - CORE/src/Http/Runner.php, line 73
DebugKit\Middleware\DebugKitMiddleware::process() - ROOT/vendor/cakephp/debug_kit/src/Middleware/DebugKitMiddleware.php, line 60
Cake\Http\Runner::handle() - CORE/src/Http/Runner.php, line 73
Cake\Http\Runner::run() - CORE/src/Http/Runner.php, line 58
Cake\Http\Server::run() - CORE/src/Http/Server.php, line 90
[main] - ROOT/webroot/index.php, line 40

2021-04-01 16:42:40 Warning: Warning (512): SplFileInfo::openFile(/var/www/html/exam_alfredo/tmp/cache/models/myapp_cake_model_default_departamento) [<a href='https://secure.php.net/splfileinfo.openfile'>splfileinfo.openfile</a>]: failed to open stream: Permission denied in [/var/www/html/exam_alfredo/vendor/cakephp/cakephp/src/Cache/Engine/FileEngine.php, line 378]
Request URL: /departamento/add
Referer URL: http://localhost/exam_alfredo/departamento
Trace:
Cake\Error\BaseErrorHandler::handleError() - CORE/src/Error/BaseErrorHandler.php, line 188
DebugKit\Plugin::DebugKit\{closure}() - ROOT/vendor/cakephp/debug_kit/src/Plugin.php, line 105
Cake\Cache\Engine\FileEngine::_setKey() - CORE/src/Cache/Engine/FileEngine.php, line 378
Cake\Cache\Engine\FileEngine::set() - CORE/src/Cache/Engine/FileEngine.php, line 122
DebugKit\Cache\Engine\DebugEngine::set() - ROOT/vendor/cakephp/debug_kit/src/Cache/Engine/DebugEngine.php, line 150
Cake\Database\Schema\CachedCollection::describe() - CORE/src/Database/Schema/CachedCollection.php, line 85
Cake\ORM\Table::getSchema() - CORE/src/ORM/Table.php, line 513
Cake\View\Form\EntityContext::type() - CORE/src/View/Form/EntityContext.php, line 697
Cake\View\Helper\FormHelper::_inputType() - CORE/src/View/Helper/FormHelper.php, line 1241
Cake\View\Helper\FormHelper::_parseOptions() - CORE/src/View/Helper/FormHelper.php, line 1211
Cake\View\Helper\FormHelper::control() - CORE/src/View/Helper/FormHelper.php, line 1049
include - ROOT/templates/Departamento/add.php, line 20
Cake\View\View::_evaluate() - CORE/src/View/View.php, line 1176
Cake\View\View::_render() - CORE/src/View/View.php, line 1134
Cake\View\View::render() - CORE/src/View/View.php, line 764
Cake\Controller\Controller::render() - CORE/src/Controller/Controller.php, line 699
Cake\Controller\Controller::invokeAction() - CORE/src/Controller/Controller.php, line 540
Cake\Controller\ControllerFactory::invoke() - CORE/src/Controller/ControllerFactory.php, line 151
Cake\Http\BaseApplication::handle() - CORE/src/Http/BaseApplication.php, line 313
Cake\Http\Runner::handle() - CORE/src/Http/Runner.php, line 77
Cake\Http\Middleware\CsrfProtectionMiddleware::process() - CORE/src/Http/Middleware/CsrfProtectionMiddleware.php, line 169
Cake\Http\Runner::handle() - CORE/src/Http/Runner.php, line 73
Cake\Http\Middleware\BodyParserMiddleware::process() - CORE/src/Http/Middleware/BodyParserMiddleware.php, line 159
Cake\Http\Runner::handle() - CORE/src/Http/Runner.php, line 73
Cake\Routing\Middleware\RoutingMiddleware::process() - CORE/src/Routing/Middleware/RoutingMiddleware.php, line 161
Cake\Http\Runner::handle() - CORE/src/Http/Runner.php, line 73
Cake\Routing\Middleware\AssetMiddleware::process() - CORE/src/Routing/Middleware/AssetMiddleware.php, line 68
Cake\Http\Runner::handle() - CORE/src/Http/Runner.php, line 73
Cake\Error\Middleware\ErrorHandlerMiddleware::process() - CORE/src/Error/Middleware/ErrorHandlerMiddleware.php, line 126
Cake\Http\Runner::handle() - CORE/src/Http/Runner.php, line 73
DebugKit\Middleware\DebugKitMiddleware::process() - ROOT/vendor/cakephp/debug_kit/src/Middleware/DebugKitMiddleware.php, line 60
Cake\Http\Runner::handle() - CORE/src/Http/Runner.php, line 73
Cake\Http\Runner::run() - CORE/src/Http/Runner.php, line 58
Cake\Http\Server::run() - CORE/src/Http/Server.php, line 90
[main] - ROOT/webroot/index.php, line 40

2021-04-01 17:19:34 Error: [Cake\Http\Exception\MissingControllerException] Controller class Usuer could not be found. in /var/www/html/exam_alfredo/vendor/cakephp/cakephp/src/Controller/ControllerFactory.php on line 229
Exception Attributes: array (
  'class' => 'Usuer',
  'plugin' => NULL,
  'prefix' => NULL,
  '_ext' => NULL,
)
Stack Trace:
- /var/www/html/exam_alfredo/vendor/cakephp/cakephp/src/Controller/ControllerFactory.php:65
- /var/www/html/exam_alfredo/vendor/cakephp/cakephp/src/Http/BaseApplication.php:311
- /var/www/html/exam_alfredo/vendor/cakephp/cakephp/src/Http/Runner.php:77
- /var/www/html/exam_alfredo/vendor/cakephp/cakephp/src/Http/Middleware/CsrfProtectionMiddleware.php:169
- /var/www/html/exam_alfredo/vendor/cakephp/cakephp/src/Http/Runner.php:73
- /var/www/html/exam_alfredo/vendor/cakephp/cakephp/src/Http/Middleware/BodyParserMiddleware.php:159
- /var/www/html/exam_alfredo/vendor/cakephp/cakephp/src/Http/Runner.php:73
- /var/www/html/exam_alfredo/vendor/cakephp/cakephp/src/Routing/Middleware/RoutingMiddleware.php:161
- /var/www/html/exam_alfredo/vendor/cakephp/cakephp/src/Http/Runner.php:73
- /var/www/html/exam_alfredo/vendor/cakephp/cakephp/src/Routing/Middleware/AssetMiddleware.php:68
- /var/www/html/exam_alfredo/vendor/cakephp/cakephp/src/Http/Runner.php:73
- /var/www/html/exam_alfredo/vendor/cakephp/cakephp/src/Error/Middleware/ErrorHandlerMiddleware.php:126
- /var/www/html/exam_alfredo/vendor/cakephp/cakephp/src/Http/Runner.php:73
- /var/www/html/exam_alfredo/vendor/cakephp/debug_kit/src/Middleware/DebugKitMiddleware.php:60
- /var/www/html/exam_alfredo/vendor/cakephp/cakephp/src/Http/Runner.php:73
- /var/www/html/exam_alfredo/vendor/cakephp/cakephp/src/Http/Runner.php:58
- /var/www/html/exam_alfredo/vendor/cakephp/cakephp/src/Http/Server.php:90
- /var/www/html/exam_alfredo/webroot/index.php:40

Request URL: /usuer


2021-04-01 17:19:39 Error: [Cake\Http\Exception\MissingControllerException] Controller class User could not be found. in /var/www/html/exam_alfredo/vendor/cakephp/cakephp/src/Controller/ControllerFactory.php on line 229
Exception Attributes: array (
  'class' => 'User',
  'plugin' => NULL,
  'prefix' => NULL,
  '_ext' => NULL,
)
Stack Trace:
- /var/www/html/exam_alfredo/vendor/cakephp/cakephp/src/Controller/ControllerFactory.php:65
- /var/www/html/exam_alfredo/vendor/cakephp/cakephp/src/Http/BaseApplication.php:311
- /var/www/html/exam_alfredo/vendor/cakephp/cakephp/src/Http/Runner.php:77
- /var/www/html/exam_alfredo/vendor/cakephp/cakephp/src/Http/Middleware/CsrfProtectionMiddleware.php:169
- /var/www/html/exam_alfredo/vendor/cakephp/cakephp/src/Http/Runner.php:73
- /var/www/html/exam_alfredo/vendor/cakephp/cakephp/src/Http/Middleware/BodyParserMiddleware.php:159
- /var/www/html/exam_alfredo/vendor/cakephp/cakephp/src/Http/Runner.php:73
- /var/www/html/exam_alfredo/vendor/cakephp/cakephp/src/Routing/Middleware/RoutingMiddleware.php:161
- /var/www/html/exam_alfredo/vendor/cakephp/cakephp/src/Http/Runner.php:73
- /var/www/html/exam_alfredo/vendor/cakephp/cakephp/src/Routing/Middleware/AssetMiddleware.php:68
- /var/www/html/exam_alfredo/vendor/cakephp/cakephp/src/Http/Runner.php:73
- /var/www/html/exam_alfredo/vendor/cakephp/cakephp/src/Error/Middleware/ErrorHandlerMiddleware.php:126
- /var/www/html/exam_alfredo/vendor/cakephp/cakephp/src/Http/Runner.php:73
- /var/www/html/exam_alfredo/vendor/cakephp/debug_kit/src/Middleware/DebugKitMiddleware.php:60
- /var/www/html/exam_alfredo/vendor/cakephp/cakephp/src/Http/Runner.php:73
- /var/www/html/exam_alfredo/vendor/cakephp/cakephp/src/Http/Runner.php:58
- /var/www/html/exam_alfredo/vendor/cakephp/cakephp/src/Http/Server.php:90
- /var/www/html/exam_alfredo/webroot/index.php:40

Request URL: /user


2021-04-01 18:10:30 Error: [Cake\Http\Exception\MissingControllerException] Controller class Departamentos could not be found. in /var/www/html/exam_alfredo/vendor/cakephp/cakephp/src/Controller/ControllerFactory.php on line 229
Exception Attributes: array (
  'class' => 'Departamentos',
  'plugin' => NULL,
  'prefix' => NULL,
  '_ext' => NULL,
)
Stack Trace:
- /var/www/html/exam_alfredo/vendor/cakephp/cakephp/src/Controller/ControllerFactory.php:65
- /var/www/html/exam_alfredo/vendor/cakephp/cakephp/src/Http/BaseApplication.php:311
- /var/www/html/exam_alfredo/vendor/cakephp/cakephp/src/Http/Runner.php:77
- /var/www/html/exam_alfredo/vendor/cakephp/cakephp/src/Http/Middleware/CsrfProtectionMiddleware.php:169
- /var/www/html/exam_alfredo/vendor/cakephp/cakephp/src/Http/Runner.php:73
- /var/www/html/exam_alfredo/vendor/cakephp/cakephp/src/Http/Middleware/BodyParserMiddleware.php:159
- /var/www/html/exam_alfredo/vendor/cakephp/cakephp/src/Http/Runner.php:73
- /var/www/html/exam_alfredo/vendor/cakephp/cakephp/src/Routing/Middleware/RoutingMiddleware.php:161
- /var/www/html/exam_alfredo/vendor/cakephp/cakephp/src/Http/Runner.php:73
- /var/www/html/exam_alfredo/vendor/cakephp/cakephp/src/Routing/Middleware/AssetMiddleware.php:68
- /var/www/html/exam_alfredo/vendor/cakephp/cakephp/src/Http/Runner.php:73
- /var/www/html/exam_alfredo/vendor/cakephp/cakephp/src/Error/Middleware/ErrorHandlerMiddleware.php:126
- /var/www/html/exam_alfredo/vendor/cakephp/cakephp/src/Http/Runner.php:73
- /var/www/html/exam_alfredo/vendor/cakephp/debug_kit/src/Middleware/DebugKitMiddleware.php:60
- /var/www/html/exam_alfredo/vendor/cakephp/cakephp/src/Http/Runner.php:73
- /var/www/html/exam_alfredo/vendor/cakephp/cakephp/src/Http/Runner.php:58
- /var/www/html/exam_alfredo/vendor/cakephp/cakephp/src/Http/Server.php:90
- /var/www/html/exam_alfredo/webroot/index.php:40

Request URL: /departamentos


2021-04-01 18:10:49 Warning: Warning (2): Declaration of App\Controller\UsersController::beforeFilter(Cake\Event\Event $event) should be compatible with Cake\Controller\Controller::beforeFilter(Cake\Event\EventInterface $event) in [/var/www/html/exam_alfredo/src/Controller/UsersController.php, line 16]
Request URL: /users
Trace:
Cake\Error\BaseErrorHandler::handleError() - CORE/src/Error/BaseErrorHandler.php, line 188
DebugKit\Plugin::DebugKit\{closure}() - ROOT/vendor/cakephp/debug_kit/src/Plugin.php, line 105
include - APP/Controller/UsersController.php, line 14
Composer\Autoload\includeFile - ROOT/vendor/composer/ClassLoader.php, line 444
Composer\Autoload\ClassLoader::loadClass() - ROOT/vendor/composer/ClassLoader.php, line 322
spl_autoload_call - [internal], line ??
class_exists - [internal], line ??
Cake\Core\App::_classExistsInBase() - CORE/src/Core/App.php, line 161
Cake\Core\App::className() - CORE/src/Core/App.php, line 67
Cake\Controller\ControllerFactory::getControllerClass() - CORE/src/Controller/ControllerFactory.php, line 218
Cake\Controller\ControllerFactory::create() - CORE/src/Controller/ControllerFactory.php, line 63
Cake\Http\BaseApplication::handle() - CORE/src/Http/BaseApplication.php, line 311
Cake\Http\Runner::handle() - CORE/src/Http/Runner.php, line 77
Cake\Http\Middleware\CsrfProtectionMiddleware::process() - CORE/src/Http/Middleware/CsrfProtectionMiddleware.php, line 169
Cake\Http\Runner::handle() - CORE/src/Http/Runner.php, line 73
Cake\Http\Middleware\BodyParserMiddleware::process() - CORE/src/Http/Middleware/BodyParserMiddleware.php, line 159
Cake\Http\Runner::handle() - CORE/src/Http/Runner.php, line 73
Cake\Routing\Middleware\RoutingMiddleware::process() - CORE/src/Routing/Middleware/RoutingMiddleware.php, line 161
Cake\Http\Runner::handle() - CORE/src/Http/Runner.php, line 73
Cake\Routing\Middleware\AssetMiddleware::process() - CORE/src/Routing/Middleware/AssetMiddleware.php, line 68
Cake\Http\Runner::handle() - CORE/src/Http/Runner.php, line 73
Cake\Error\Middleware\ErrorHandlerMiddleware::process() - CORE/src/Error/Middleware/ErrorHandlerMiddleware.php, line 126
Cake\Http\Runner::handle() - CORE/src/Http/Runner.php, line 73
DebugKit\Middleware\DebugKitMiddleware::process() - ROOT/vendor/cakephp/debug_kit/src/Middleware/DebugKitMiddleware.php, line 60
Cake\Http\Runner::handle() - CORE/src/Http/Runner.php, line 73
Cake\Http\Runner::run() - CORE/src/Http/Runner.php, line 58
Cake\Http\Server::run() - CORE/src/Http/Server.php, line 90
[main] - ROOT/webroot/index.php, line 40

2021-04-01 18:10:49 Error: [Error] Call to a member function allow() on null in /var/www/html/exam_alfredo/src/Controller/UsersController.php on line 19
Stack Trace:
- /var/www/html/exam_alfredo/vendor/cakephp/cakephp/src/Event/EventManager.php:309
- /var/www/html/exam_alfredo/vendor/cakephp/cakephp/src/Event/EventManager.php:286
- /var/www/html/exam_alfredo/vendor/cakephp/cakephp/src/Event/EventDispatcherTrait.php:92
- /var/www/html/exam_alfredo/vendor/cakephp/cakephp/src/Controller/Controller.php:575
- /var/www/html/exam_alfredo/vendor/cakephp/cakephp/src/Controller/ControllerFactory.php:96
- /var/www/html/exam_alfredo/vendor/cakephp/cakephp/src/Http/BaseApplication.php:313
- /var/www/html/exam_alfredo/vendor/cakephp/cakephp/src/Http/Runner.php:77
- /var/www/html/exam_alfredo/vendor/cakephp/cakephp/src/Http/Middleware/CsrfProtectionMiddleware.php:169
- /var/www/html/exam_alfredo/vendor/cakephp/cakephp/src/Http/Runner.php:73
- /var/www/html/exam_alfredo/vendor/cakephp/cakephp/src/Http/Middleware/BodyParserMiddleware.php:159
- /var/www/html/exam_alfredo/vendor/cakephp/cakephp/src/Http/Runner.php:73
- /var/www/html/exam_alfredo/vendor/cakephp/cakephp/src/Routing/Middleware/RoutingMiddleware.php:161
- /var/www/html/exam_alfredo/vendor/cakephp/cakephp/src/Http/Runner.php:73
- /var/www/html/exam_alfredo/vendor/cakephp/cakephp/src/Routing/Middleware/AssetMiddleware.php:68
- /var/www/html/exam_alfredo/vendor/cakephp/cakephp/src/Http/Runner.php:73
- /var/www/html/exam_alfredo/vendor/cakephp/cakephp/src/Error/Middleware/ErrorHandlerMiddleware.php:126
- /var/www/html/exam_alfredo/vendor/cakephp/cakephp/src/Http/Runner.php:73
- /var/www/html/exam_alfredo/vendor/cakephp/debug_kit/src/Middleware/DebugKitMiddleware.php:60
- /var/www/html/exam_alfredo/vendor/cakephp/cakephp/src/Http/Runner.php:73
- /var/www/html/exam_alfredo/vendor/cakephp/cakephp/src/Http/Runner.php:58
- /var/www/html/exam_alfredo/vendor/cakephp/cakephp/src/Http/Server.php:90
- /var/www/html/exam_alfredo/webroot/index.php:40

Request URL: /users


2021-04-01 18:10:49 Warning: Warning (512): Unable to emit headers. Headers sent in file=/var/www/html/exam_alfredo/vendor/cakephp/cakephp/src/Error/Debugger.php line=970 in [/var/www/html/exam_alfredo/vendor/cakephp/cakephp/src/Http/ResponseEmitter.php, line 71]
Request URL: /users
Trace:
Cake\Error\BaseErrorHandler::handleError() - CORE/src/Error/BaseErrorHandler.php, line 188
DebugKit\Plugin::DebugKit\{closure}() - ROOT/vendor/cakephp/debug_kit/src/Plugin.php, line 105
Cake\Http\ResponseEmitter::emit() - CORE/src/Http/ResponseEmitter.php, line 71
Cake\Http\Server::emit() - CORE/src/Http/Server.php, line 128
[main] - ROOT/webroot/index.php, line 40

2021-04-01 18:10:50 Warning: Warning (2): Cannot modify header information - headers already sent by (output started at /var/www/html/exam_alfredo/vendor/cakephp/cakephp/src/Error/Debugger.php:970) in [/var/www/html/exam_alfredo/vendor/cakephp/cakephp/src/Http/ResponseEmitter.php, line 168]
Request URL: /users
Trace:
Cake\Error\BaseErrorHandler::handleError() - CORE/src/Error/BaseErrorHandler.php, line 188
DebugKit\Plugin::DebugKit\{closure}() - ROOT/vendor/cakephp/debug_kit/src/Plugin.php, line 105
header - [internal], line ??
Cake\Http\ResponseEmitter::emitStatusLine() - CORE/src/Http/ResponseEmitter.php, line 168
Cake\Http\ResponseEmitter::emit() - CORE/src/Http/ResponseEmitter.php, line 74
Cake\Http\Server::emit() - CORE/src/Http/Server.php, line 128
[main] - ROOT/webroot/index.php, line 40

2021-04-01 18:10:50 Warning: Warning (2): Cannot modify header information - headers already sent by (output started at /var/www/html/exam_alfredo/vendor/cakephp/cakephp/src/Error/Debugger.php:970) in [/var/www/html/exam_alfredo/vendor/cakephp/cakephp/src/Http/ResponseEmitter.php, line 197]
Request URL: /users
Trace:
Cake\Error\BaseErrorHandler::handleError() - CORE/src/Error/BaseErrorHandler.php, line 188
DebugKit\Plugin::DebugKit\{closure}() - ROOT/vendor/cakephp/debug_kit/src/Plugin.php, line 105
header - [internal], line ??
Cake\Http\ResponseEmitter::emitHeaders() - CORE/src/Http/ResponseEmitter.php, line 197
Cake\Http\ResponseEmitter::emit() - CORE/src/Http/ResponseEmitter.php, line 75
Cake\Http\Server::emit() - CORE/src/Http/Server.php, line 128
[main] - ROOT/webroot/index.php, line 40

2021-04-01 18:10:50 Warning: Warning (2): Cannot modify header information - headers already sent by (output started at /var/www/html/exam_alfredo/vendor/cakephp/cakephp/src/Error/Debugger.php:970) in [/var/www/html/exam_alfredo/vendor/cakephp/cakephp/src/Http/ResponseEmitter.php, line 197]
Request URL: /users
Trace:
Cake\Error\BaseErrorHandler::handleError() - CORE/src/Error/BaseErrorHandler.php, line 188
DebugKit\Plugin::DebugKit\{closure}() - ROOT/vendor/cakephp/debug_kit/src/Plugin.php, line 105
header - [internal], line ??
Cake\Http\ResponseEmitter::emitHeaders() - CORE/src/Http/ResponseEmitter.php, line 197
Cake\Http\ResponseEmitter::emit() - CORE/src/Http/ResponseEmitter.php, line 75
Cake\Http\Server::emit() - CORE/src/Http/Server.php, line 128
[main] - ROOT/webroot/index.php, line 40

2021-04-01 18:10:54 Error: [Cake\Http\Exception\MissingControllerException] Controller class User could not be found. in /var/www/html/exam_alfredo/vendor/cakephp/cakephp/src/Controller/ControllerFactory.php on line 229
Exception Attributes: array (
  'class' => 'User',
  'plugin' => NULL,
  'prefix' => NULL,
  '_ext' => NULL,
)
Stack Trace:
- /var/www/html/exam_alfredo/vendor/cakephp/cakephp/src/Controller/ControllerFactory.php:65
- /var/www/html/exam_alfredo/vendor/cakephp/cakephp/src/Http/BaseApplication.php:311
- /var/www/html/exam_alfredo/vendor/cakephp/cakephp/src/Http/Runner.php:77
- /var/www/html/exam_alfredo/vendor/cakephp/cakephp/src/Http/Middleware/CsrfProtectionMiddleware.php:169
- /var/www/html/exam_alfredo/vendor/cakephp/cakephp/src/Http/Runner.php:73
- /var/www/html/exam_alfredo/vendor/cakephp/cakephp/src/Http/Middleware/BodyParserMiddleware.php:159
- /var/www/html/exam_alfredo/vendor/cakephp/cakephp/src/Http/Runner.php:73
- /var/www/html/exam_alfredo/vendor/cakephp/cakephp/src/Routing/Middleware/RoutingMiddleware.php:161
- /var/www/html/exam_alfredo/vendor/cakephp/cakephp/src/Http/Runner.php:73
- /var/www/html/exam_alfredo/vendor/cakephp/cakephp/src/Routing/Middleware/AssetMiddleware.php:68
- /var/www/html/exam_alfredo/vendor/cakephp/cakephp/src/Http/Runner.php:73
- /var/www/html/exam_alfredo/vendor/cakephp/cakephp/src/Error/Middleware/ErrorHandlerMiddleware.php:126
- /var/www/html/exam_alfredo/vendor/cakephp/cakephp/src/Http/Runner.php:73
- /var/www/html/exam_alfredo/vendor/cakephp/debug_kit/src/Middleware/DebugKitMiddleware.php:60
- /var/www/html/exam_alfredo/vendor/cakephp/cakephp/src/Http/Runner.php:73
- /var/www/html/exam_alfredo/vendor/cakephp/cakephp/src/Http/Runner.php:58
- /var/www/html/exam_alfredo/vendor/cakephp/cakephp/src/Http/Server.php:90
- /var/www/html/exam_alfredo/webroot/index.php:40

Request URL: /user


2021-04-01 18:10:59 Warning: Warning (2): Declaration of App\Controller\UsersController::beforeFilter(Cake\Event\Event $event) should be compatible with Cake\Controller\Controller::beforeFilter(Cake\Event\EventInterface $event) in [/var/www/html/exam_alfredo/src/Controller/UsersController.php, line 16]
Request URL: /users
Trace:
Cake\Error\BaseErrorHandler::handleError() - CORE/src/Error/BaseErrorHandler.php, line 188
DebugKit\Plugin::DebugKit\{closure}() - ROOT/vendor/cakephp/debug_kit/src/Plugin.php, line 105
include - APP/Controller/UsersController.php, line 14
Composer\Autoload\includeFile - ROOT/vendor/composer/ClassLoader.php, line 444
Composer\Autoload\ClassLoader::loadClass() - ROOT/vendor/composer/ClassLoader.php, line 322
spl_autoload_call - [internal], line ??
class_exists - [internal], line ??
Cake\Core\App::_classExistsInBase() - CORE/src/Core/App.php, line 161
Cake\Core\App::className() - CORE/src/Core/App.php, line 67
Cake\Controller\ControllerFactory::getControllerClass() - CORE/src/Controller/ControllerFactory.php, line 218
Cake\Controller\ControllerFactory::create() - CORE/src/Controller/ControllerFactory.php, line 63
Cake\Http\BaseApplication::handle() - CORE/src/Http/BaseApplication.php, line 311
Cake\Http\Runner::handle() - CORE/src/Http/Runner.php, line 77
Cake\Http\Middleware\CsrfProtectionMiddleware::process() - CORE/src/Http/Middleware/CsrfProtectionMiddleware.php, line 169
Cake\Http\Runner::handle() - CORE/src/Http/Runner.php, line 73
Cake\Http\Middleware\BodyParserMiddleware::process() - CORE/src/Http/Middleware/BodyParserMiddleware.php, line 159
Cake\Http\Runner::handle() - CORE/src/Http/Runner.php, line 73
Cake\Routing\Middleware\RoutingMiddleware::process() - CORE/src/Routing/Middleware/RoutingMiddleware.php, line 161
Cake\Http\Runner::handle() - CORE/src/Http/Runner.php, line 73
Cake\Routing\Middleware\AssetMiddleware::process() - CORE/src/Routing/Middleware/AssetMiddleware.php, line 68
Cake\Http\Runner::handle() - CORE/src/Http/Runner.php, line 73
Cake\Error\Middleware\ErrorHandlerMiddleware::process() - CORE/src/Error/Middleware/ErrorHandlerMiddleware.php, line 126
Cake\Http\Runner::handle() - CORE/src/Http/Runner.php, line 73
DebugKit\Middleware\DebugKitMiddleware::process() - ROOT/vendor/cakephp/debug_kit/src/Middleware/DebugKitMiddleware.php, line 60
Cake\Http\Runner::handle() - CORE/src/Http/Runner.php, line 73
Cake\Http\Runner::run() - CORE/src/Http/Runner.php, line 58
Cake\Http\Server::run() - CORE/src/Http/Server.php, line 90
[main] - ROOT/webroot/index.php, line 40

2021-04-01 18:10:59 Error: [Error] Call to a member function allow() on null in /var/www/html/exam_alfredo/src/Controller/UsersController.php on line 19
Stack Trace:
- /var/www/html/exam_alfredo/vendor/cakephp/cakephp/src/Event/EventManager.php:309
- /var/www/html/exam_alfredo/vendor/cakephp/cakephp/src/Event/EventManager.php:286
- /var/www/html/exam_alfredo/vendor/cakephp/cakephp/src/Event/EventDispatcherTrait.php:92
- /var/www/html/exam_alfredo/vendor/cakephp/cakephp/src/Controller/Controller.php:575
- /var/www/html/exam_alfredo/vendor/cakephp/cakephp/src/Controller/ControllerFactory.php:96
- /var/www/html/exam_alfredo/vendor/cakephp/cakephp/src/Http/BaseApplication.php:313
- /var/www/html/exam_alfredo/vendor/cakephp/cakephp/src/Http/Runner.php:77
- /var/www/html/exam_alfredo/vendor/cakephp/cakephp/src/Http/Middleware/CsrfProtectionMiddleware.php:169
- /var/www/html/exam_alfredo/vendor/cakephp/cakephp/src/Http/Runner.php:73
- /var/www/html/exam_alfredo/vendor/cakephp/cakephp/src/Http/Middleware/BodyParserMiddleware.php:159
- /var/www/html/exam_alfredo/vendor/cakephp/cakephp/src/Http/Runner.php:73
- /var/www/html/exam_alfredo/vendor/cakephp/cakephp/src/Routing/Middleware/RoutingMiddleware.php:161
- /var/www/html/exam_alfredo/vendor/cakephp/cakephp/src/Http/Runner.php:73
- /var/www/html/exam_alfredo/vendor/cakephp/cakephp/src/Routing/Middleware/AssetMiddleware.php:68
- /var/www/html/exam_alfredo/vendor/cakephp/cakephp/src/Http/Runner.php:73
- /var/www/html/exam_alfredo/vendor/cakephp/cakephp/src/Error/Middleware/ErrorHandlerMiddleware.php:126
- /var/www/html/exam_alfredo/vendor/cakephp/cakephp/src/Http/Runner.php:73
- /var/www/html/exam_alfredo/vendor/cakephp/debug_kit/src/Middleware/DebugKitMiddleware.php:60
- /var/www/html/exam_alfredo/vendor/cakephp/cakephp/src/Http/Runner.php:73
- /var/www/html/exam_alfredo/vendor/cakephp/cakephp/src/Http/Runner.php:58
- /var/www/html/exam_alfredo/vendor/cakephp/cakephp/src/Http/Server.php:90
- /var/www/html/exam_alfredo/webroot/index.php:40

Request URL: /users


2021-04-01 18:10:59 Warning: Warning (512): Unable to emit headers. Headers sent in file=/var/www/html/exam_alfredo/vendor/cakephp/cakephp/src/Error/Debugger.php line=970 in [/var/www/html/exam_alfredo/vendor/cakephp/cakephp/src/Http/ResponseEmitter.php, line 71]
Request URL: /users
Trace:
Cake\Error\BaseErrorHandler::handleError() - CORE/src/Error/BaseErrorHandler.php, line 188
DebugKit\Plugin::DebugKit\{closure}() - ROOT/vendor/cakephp/debug_kit/src/Plugin.php, line 105
Cake\Http\ResponseEmitter::emit() - CORE/src/Http/ResponseEmitter.php, line 71
Cake\Http\Server::emit() - CORE/src/Http/Server.php, line 128
[main] - ROOT/webroot/index.php, line 40

2021-04-01 18:10:59 Warning: Warning (2): Cannot modify header information - headers already sent by (output started at /var/www/html/exam_alfredo/vendor/cakephp/cakephp/src/Error/Debugger.php:970) in [/var/www/html/exam_alfredo/vendor/cakephp/cakephp/src/Http/ResponseEmitter.php, line 168]
Request URL: /users
Trace:
Cake\Error\BaseErrorHandler::handleError() - CORE/src/Error/BaseErrorHandler.php, line 188
DebugKit\Plugin::DebugKit\{closure}() - ROOT/vendor/cakephp/debug_kit/src/Plugin.php, line 105
header - [internal], line ??
Cake\Http\ResponseEmitter::emitStatusLine() - CORE/src/Http/ResponseEmitter.php, line 168
Cake\Http\ResponseEmitter::emit() - CORE/src/Http/ResponseEmitter.php, line 74
Cake\Http\Server::emit() - CORE/src/Http/Server.php, line 128
[main] - ROOT/webroot/index.php, line 40

2021-04-01 18:10:59 Warning: Warning (2): Cannot modify header information - headers already sent by (output started at /var/www/html/exam_alfredo/vendor/cakephp/cakephp/src/Error/Debugger.php:970) in [/var/www/html/exam_alfredo/vendor/cakephp/cakephp/src/Http/ResponseEmitter.php, line 197]
Request URL: /users
Trace:
Cake\Error\BaseErrorHandler::handleError() - CORE/src/Error/BaseErrorHandler.php, line 188
DebugKit\Plugin::DebugKit\{closure}() - ROOT/vendor/cakephp/debug_kit/src/Plugin.php, line 105
header - [internal], line ??
Cake\Http\ResponseEmitter::emitHeaders() - CORE/src/Http/ResponseEmitter.php, line 197
Cake\Http\ResponseEmitter::emit() - CORE/src/Http/ResponseEmitter.php, line 75
Cake\Http\Server::emit() - CORE/src/Http/Server.php, line 128
[main] - ROOT/webroot/index.php, line 40

2021-04-01 18:10:59 Warning: Warning (2): Cannot modify header information - headers already sent by (output started at /var/www/html/exam_alfredo/vendor/cakephp/cakephp/src/Error/Debugger.php:970) in [/var/www/html/exam_alfredo/vendor/cakephp/cakephp/src/Http/ResponseEmitter.php, line 197]
Request URL: /users
Trace:
Cake\Error\BaseErrorHandler::handleError() - CORE/src/Error/BaseErrorHandler.php, line 188
DebugKit\Plugin::DebugKit\{closure}() - ROOT/vendor/cakephp/debug_kit/src/Plugin.php, line 105
header - [internal], line ??
Cake\Http\ResponseEmitter::emitHeaders() - CORE/src/Http/ResponseEmitter.php, line 197
Cake\Http\ResponseEmitter::emit() - CORE/src/Http/ResponseEmitter.php, line 75
Cake\Http\Server::emit() - CORE/src/Http/Server.php, line 128
[main] - ROOT/webroot/index.php, line 40

